<?xml version="1.0" encoding="UTF-8"?>
<!-- Generated by org.testng.reporters.JUnitReportReporter -->
<testsuite hostname="sys" name="day19.DatadrivenTesting1" tests="1" failures="0" timestamp="20 Apr 2015 05:35:58 GMT" time="43.980" errors="0">
  <testcase name="linksTest" time="43.980" classname="day19.DatadrivenTesting1"/>
</testsuite> <!-- day19.DatadrivenTesting1 -->
