<?xml version="1.0" encoding="UTF-8"?>
<!-- Generated by org.testng.reporters.JUnitReportReporter -->
<testsuite hostname="sys" name="day23.DropdownOnGrid" tests="2" failures="0" timestamp="28 Apr 2015 05:48:10 GMT" time="132.413" errors="0">
  <testcase name="dropdownTest" time="48.947" classname="day23.DropdownOnGrid"/>
  <testcase name="dropdownTest" time="83.466" classname="day23.DropdownOnGrid"/>
</testsuite> <!-- day23.DropdownOnGrid -->
