<?xml version="1.0" encoding="UTF-8"?>
<!-- Generated by org.testng.reporters.JUnitReportReporter -->
<testsuite hostname="sys" name="day18.InputBoxes" tests="1" failures="0" timestamp="18 Apr 2015 06:09:32 GMT" time="17.158" errors="0">
  <testcase name="inputBoxTest" time="17.158" classname="day18.InputBoxes"/>
</testsuite> <!-- day18.InputBoxes -->
