<?xml version="1.0" encoding="UTF-8"?>
<!-- Generated by org.testng.reporters.JUnitReportReporter -->
<testsuite hostname="sys" name="OrangeHRM.NewLogin" tests="1" failures="0" timestamp="11 May 2015 06:30:21 GMT" time="13.206" errors="0">
  <testcase name="loginTest" time="13.206" classname="OrangeHRM.NewLogin"/>
</testsuite> <!-- OrangeHRM.NewLogin -->
