<?xml version="1.0" encoding="UTF-8"?>
<!-- Generated by org.testng.reporters.JUnitReportReporter -->
<testsuite hostname="sys" name="day16.WebtableCalander" tests="1" failures="0" timestamp="16 Apr 2015 05:43:58 GMT" time="37.386" errors="0">
  <testcase name="calanderTest" time="37.386" classname="day16.WebtableCalander"/>
</testsuite> <!-- day16.WebtableCalander -->
