<?xml version="1.0" encoding="UTF-8"?>
<!-- Generated by org.testng.reporters.JUnitReportReporter -->
<testsuite hostname="sys" name="OrangeHRM.Login" tests="1" failures="0" timestamp="11 May 2015 05:57:16 GMT" time="13.494" errors="0">
  <testcase name="loginTest" time="13.494" classname="OrangeHRM.Login"/>
</testsuite> <!-- OrangeHRM.Login -->
