<?xml version="1.0" encoding="UTF-8"?>
<!-- Generated by org.testng.reporters.JUnitReportReporter -->
<testsuite hostname="sys" name="OrangeHRM.sample" tests="1" failures="0" timestamp="11 May 2015 06:22:02 GMT" time="0.015" errors="0">
  <testcase name="sampleTest" time="0.015" classname="OrangeHRM.sample"/>
</testsuite> <!-- OrangeHRM.sample -->
