<?xml version="1.0" encoding="UTF-8"?>
<!-- Generated by org.testng.reporters.JUnitReportReporter -->
<testsuite hostname="sys" name="day23.DatadrivenTestingOnGrid" tests="2" failures="0" timestamp="28 Apr 2015 06:06:29 GMT" time="135.024" errors="0">
  <testcase name="linksTest" time="77.165" classname="day23.DatadrivenTestingOnGrid"/>
  <testcase name="linksTest" time="57.859" classname="day23.DatadrivenTestingOnGrid"/>
</testsuite> <!-- day23.DatadrivenTestingOnGrid -->
