<?xml version="1.0" encoding="UTF-8"?>
<!-- Generated by org.testng.reporters.JUnitReportReporter -->
<testsuite hostname="sys" name="day18.WebtableExcel" tests="1" failures="0" timestamp="18 Apr 2015 05:37:55 GMT" time="18.196" errors="0">
  <testcase name="webtableTest" time="18.196" classname="day18.WebtableExcel"/>
</testsuite> <!-- day18.WebtableExcel -->
