<?xml version="1.0" encoding="UTF-8"?>
<!-- Generated by org.testng.reporters.JUnitReportReporter -->
<testsuite hostname="sys" name="day26.DBTesting" tests="1" failures="0" timestamp="1 May 2015 05:46:18 GMT" time="0.343" errors="0">
  <testcase name="DBTest" time="0.343" classname="day26.DBTesting"/>
</testsuite> <!-- day26.DBTesting -->
