<?xml version="1.0" encoding="UTF-8"?>
<!-- Generated by org.testng.reporters.JUnitReportReporter -->
<testsuite hostname="sys" name="day12.Xpath" tests="1" failures="0" timestamp="11 Apr 2015 06:05:36 GMT" time="29.951" errors="0">
  <testcase name="xpathTest" time="29.951" classname="day12.Xpath"/>
</testsuite> <!-- day12.Xpath -->
