<?xml version="1.0" encoding="UTF-8"?>
<!-- Generated by org.testng.reporters.JUnitReportReporter -->
<testsuite hostname="sys" name="day14.ChainActions" tests="1" failures="0" timestamp="14 Apr 2015 05:21:08 GMT" time="31.870" errors="0">
  <testcase name="chainActionstest" time="31.870" classname="day14.ChainActions"/>
</testsuite> <!-- day14.ChainActions -->
