<?xml version="1.0" encoding="UTF-8"?>
<!-- Generated by org.testng.reporters.JUnitReportReporter -->
<testsuite hostname="sys" name="day26.DB_DatdrivenTesting" tests="1" failures="0" timestamp="1 May 2015 06:04:00 GMT" time="53.477" errors="0">
  <testcase name="dbTest" time="53.477" classname="day26.DB_DatdrivenTesting"/>
</testsuite> <!-- day26.DB_DatdrivenTesting -->
