<?xml version="1.0" encoding="UTF-8"?>
<!-- Generated by org.testng.reporters.JUnitReportReporter -->
<testsuite hostname="sys" name="day10.ImplicitWait" tests="1" failures="0" timestamp="7 Apr 2015 06:12:38 GMT" time="59.186" errors="0">
  <testcase name="waitTest" time="59.186" classname="day10.ImplicitWait"/>
</testsuite> <!-- day10.ImplicitWait -->
