<?xml version="1.0" encoding="UTF-8"?>
<!-- Generated by org.testng.reporters.JUnitReportReporter -->
<testsuite hostname="sys" name="day19.DatadrivenTesting2" tests="1" failures="0" timestamp="20 Apr 2015 06:23:43 GMT" time="28.554" errors="0">
  <testcase name="registrationTest" time="28.554" classname="day19.DatadrivenTesting2"/>
</testsuite> <!-- day19.DatadrivenTesting2 -->
