<?xml version="1.0" encoding="UTF-8"?>
<!-- Generated by org.testng.reporters.JUnitReportReporter -->
<testsuite hostname="sys" name="day12.CheckBoxes1" tests="1" failures="0" timestamp="11 Apr 2015 06:17:45 GMT" time="25.061" errors="0">
  <testcase name="checkboxTest" time="25.061" classname="day12.CheckBoxes1"/>
</testsuite> <!-- day12.CheckBoxes1 -->
