<?xml version="1.0" encoding="UTF-8"?>
<!-- Generated by org.testng.reporters.JUnitReportReporter -->
<testsuite hostname="sys" name="day14.CokiesTesting" tests="1" failures="0" timestamp="14 Apr 2015 06:30:13 GMT" time="18.678" errors="0">
  <testcase name="cookiesTest" time="18.678" classname="day14.CokiesTesting"/>
</testsuite> <!-- day14.CokiesTesting -->
