<?xml version="1.0" encoding="UTF-8"?>
<!-- Generated by org.testng.reporters.JUnitReportReporter -->
<testsuite hostname="sys" name="day15.WebtableTesting1" tests="1" failures="0" timestamp="15 Apr 2015 05:35:56 GMT" time="13.713" errors="0">
  <testcase name="webtableTest" time="13.713" classname="day15.WebtableTesting1"/>
</testsuite> <!-- day15.WebtableTesting1 -->
