<?xml version="1.0" encoding="UTF-8"?>
<!-- Generated by org.testng.reporters.JUnitReportReporter -->
<testsuite hostname="sys" name="day13" tests="1" failures="0" timestamp="13 Apr 2015 05:35:23 GMT" time="12.863" errors="0">
  <testcase name="checkboxTest" time="12.863" classname="day13"/>
</testsuite> <!-- day13 -->
