<?xml version="1.0" encoding="UTF-8"?>
<!-- Generated by org.testng.reporters.JUnitReportReporter -->
<testsuite hostname="sys" name="day10.MultipleWindows" tests="1" failures="0" timestamp="7 Apr 2015 05:44:15 GMT" time="37.337" errors="0">
  <testcase name="multiplewindowtest" time="37.337" classname="day10.MultipleWindows"/>
</testsuite> <!-- day10.MultipleWindows -->
