<?xml version="1.0" encoding="UTF-8"?>
<!-- Generated by org.testng.reporters.JUnitReportReporter -->
<testsuite hostname="sys" name="day22.GmailLogin" tests="1" failures="0" timestamp="29 Apr 2015 06:01:29 GMT" time="7.762" errors="0">
  <testcase name="loginTesT" time="7.762" classname="day22.GmailLogin"/>
</testsuite> <!-- day22.GmailLogin -->
