<?xml version="1.0" encoding="UTF-8"?>
<!-- Generated by org.testng.reporters.JUnitReportReporter -->
<testsuite hostname="sys" name="day9.Sample" tests="2" failures="0" timestamp="11 May 2015 06:18:09 GMT" time="0.015" errors="0">
  <testcase name="loginTest" time="0.014" classname="day9.Sample"/>
  <testcase name="regTest" time="0.001" classname="day9.Sample"/>
</testsuite> <!-- day9.Sample -->
