<?xml version="1.0" encoding="UTF-8"?>
<!-- Generated by org.testng.reporters.JUnitReportReporter -->
<testsuite hostname="sys" name="day16.Ajax1" tests="1" failures="0" timestamp="17 Apr 2015 05:21:09 GMT" time="14.555" errors="0">
  <testcase name="ajaxTest" time="14.555" classname="day16.Ajax1"/>
</testsuite> <!-- day16.Ajax1 -->
