<?xml version="1.0" encoding="UTF-8"?>
<!-- Generated by org.testng.reporters.JUnitReportReporter -->
<testsuite hostname="sys" name="day18.DropdownExcel" tests="1" failures="0" timestamp="18 Apr 2015 05:15:22 GMT" time="88.983" errors="0">
  <testcase name="dropdowntest" time="88.983" classname="day18.DropdownExcel"/>
</testsuite> <!-- day18.DropdownExcel -->
