<?xml version="1.0" encoding="UTF-8"?>
<!-- Generated by org.testng.reporters.JUnitReportReporter -->
<testsuite hostname="sys" name="day20.DatadrivenTesting3" tests="1" failures="0" timestamp="21 Apr 2015 05:36:27 GMT" time="24.907" errors="0">
  <testcase name="ajxTest" time="24.907" classname="day20.DatadrivenTesting3"/>
</testsuite> <!-- day20.DatadrivenTesting3 -->
