<?xml version="1.0" encoding="UTF-8"?>
<!-- Generated by org.testng.reporters.JUnitReportReporter -->
<testsuite hostname="sys" name="day9.RadioButtonsTesting1" tests="1" failures="0" timestamp="6 Apr 2015 05:49:41 GMT" time="14.280" errors="0">
  <testcase name="radioButtonsTest" time="14.280" classname="day9.RadioButtonsTesting1"/>
</testsuite> <!-- day9.RadioButtonsTesting1 -->
