<?xml version="1.0" encoding="UTF-8"?>
<!-- Generated by org.testng.reporters.JUnitReportReporter -->
<testsuite hostname="sys" name="day18.ScreenshotsComparision" tests="1" failures="0" timestamp="18 Apr 2015 05:56:29 GMT" time="21.208" errors="0">
  <testcase name="screenshotTest" time="21.208" classname="day18.ScreenshotsComparision"/>
</testsuite> <!-- day18.ScreenshotsComparision -->
