<?xml version="1.0" encoding="UTF-8"?>
<!-- Generated by org.testng.reporters.JUnitReportReporter -->
<testsuite hostname="sys" name="day15.WebtableTestingDynamic" tests="1" failures="0" timestamp="18 Apr 2015 05:34:50 GMT" time="16.396" errors="0">
  <testcase name="webtableTest" time="16.396" classname="day15.WebtableTestingDynamic"/>
</testsuite> <!-- day15.WebtableTestingDynamic -->
