<?xml version="1.0" encoding="UTF-8"?>
<!-- Generated by org.testng.reporters.JUnitReportReporter -->
<testsuite hostname="sys" name="day17.Captcha" tests="1" failures="0" timestamp="17 Apr 2015 05:32:38 GMT" time="15.960" errors="0">
  <testcase name="captchaTest" time="15.960" classname="day17.Captcha"/>
</testsuite> <!-- day17.Captcha -->
