<?xml version="1.0" encoding="UTF-8"?>
<!-- Generated by org.testng.reporters.JUnitReportReporter -->
<testsuite hostname="sys" name="day21.LoginusingActions" tests="1" failures="0" timestamp="22 Apr 2015 05:21:42 GMT" time="11.611" errors="0">
  <testcase name="loginTest" time="11.611" classname="day21.LoginusingActions"/>
</testsuite> <!-- day21.LoginusingActions -->
