<?xml version="1.0" encoding="UTF-8"?>
<!-- Generated by org.testng.reporters.JUnitReportReporter -->
<testsuite hostname="sys" name="day21.Registration" tests="1" failures="0" timestamp="22 Apr 2015 06:08:18 GMT" time="14.960" errors="0">
  <testcase name="registrationTest" time="14.960" classname="day21.Registration"/>
</testsuite> <!-- day21.Registration -->
