<?xml version="1.0" encoding="UTF-8"?>
<!-- Generated by org.testng.reporters.JUnitReportReporter -->
<testsuite hostname="sys" name="day14.DragandDrop" tests="1" failures="0" timestamp="14 Apr 2015 05:50:30 GMT" time="12.272" errors="0">
  <testcase name="dragandDropTest" time="12.272" classname="day14.DragandDrop"/>
</testsuite> <!-- day14.DragandDrop -->
