<?xml version="1.0" encoding="UTF-8"?>
<!-- Generated by org.testng.reporters.JUnitReportReporter -->
<testsuite hostname="sys" name="day14.RightClickOperation" tests="1" failures="0" timestamp="14 Apr 2015 05:38:09 GMT" time="121.462" errors="0">
  <testcase name="rightclickTest" time="121.462" classname="day14.RightClickOperation"/>
</testsuite> <!-- day14.RightClickOperation -->
