<?xml version="1.0" encoding="UTF-8"?>
<!-- Generated by org.testng.reporters.JUnitReportReporter -->
<testsuite hostname="sys" name="OrangeHRM.AddEmployeeusingReflections" tests="1" failures="0" timestamp="12 May 2015 06:14:54 GMT" time="4.451" errors="0">
  <testcase name="loginTest" time="4.451" classname="OrangeHRM.AddEmployeeusingReflections"/>
</testsuite> <!-- OrangeHRM.AddEmployeeusingReflections -->
