<?xml version="1.0" encoding="UTF-8"?>
<!-- Generated by org.testng.reporters.JUnitReportReporter -->
<testsuite hostname="sys" name="day24.GmailLogin_DataProvider" tests="2" failures="0" timestamp="29 Apr 2015 05:27:46 GMT" time="25.354" errors="0">
  <testcase name="loginTest" time="16.828" classname="day24.GmailLogin_DataProvider"/>
  <testcase name="loginTest" time="8.526" classname="day24.GmailLogin_DataProvider"/>
</testsuite> <!-- day24.GmailLogin_DataProvider -->
