<?xml version="1.0" encoding="UTF-8"?>
<!-- Generated by org.testng.reporters.JUnitReportReporter -->
<testsuite hostname="sys" name="day13.MouseHover" tests="1" failures="0" timestamp="13 Apr 2015 06:22:37 GMT" time="14.951" errors="0">
  <testcase name="mouseHoverTest" time="14.951" classname="day13.MouseHover"/>
</testsuite> <!-- day13.MouseHover -->
