<?xml version="1.0" encoding="UTF-8"?>
<!-- Generated by org.testng.reporters.JUnitReportReporter -->
<testsuite hostname="sys" name="day21.Login" tests="1" failures="0" timestamp="22 Apr 2015 06:08:18 GMT" time="0.334" errors="0">
  <testcase name="loginTest" time="0.334" classname="day21.Login"/>
</testsuite> <!-- day21.Login -->
