<?xml version="1.0" encoding="UTF-8"?>
<!-- Generated by org.testng.reporters.JUnitReportReporter -->
<testsuite hostname="sys" name="day13.Frames1" tests="1" failures="0" timestamp="13 Apr 2015 06:06:52 GMT" time="12.261" errors="0">
  <testcase name="framesTest" time="12.261" classname="day13.Frames1"/>
</testsuite> <!-- day13.Frames1 -->
