<?xml version="1.0" encoding="UTF-8"?>
<!-- Generated by org.testng.reporters.JUnitReportReporter -->
<testsuite hostname="sys" name="day14.SliderAutomation" tests="1" failures="0" timestamp="14 Apr 2015 06:04:22 GMT" time="13.148" errors="0">
  <testcase name="sliderTest" time="13.148" classname="day14.SliderAutomation"/>
</testsuite> <!-- day14.SliderAutomation -->
