<?xml version="1.0" encoding="UTF-8"?>
<!-- Generated by org.testng.reporters.JUnitReportReporter -->
<testsuite hostname="sys" name="day20.LoginbasedonProperties" tests="1" failures="0" timestamp="21 Apr 2015 06:07:37 GMT" time="11.585" errors="0">
  <testcase name="loginTest" time="11.585" classname="day20.LoginbasedonProperties"/>
</testsuite> <!-- day20.LoginbasedonProperties -->
