<?xml version="1.0" encoding="UTF-8"?>
<!-- Generated by org.testng.reporters.JUnitReportReporter -->
<testsuite hostname="sys" name="day21.Links" tests="1" failures="0" timestamp="22 Apr 2015 06:08:18 GMT" time="246.441" errors="0">
  <testcase name="linkstest" time="246.441" classname="day21.Links"/>
</testsuite> <!-- day21.Links -->
