<?xml version="1.0" encoding="UTF-8"?>
<!-- Generated by org.testng.reporters.JUnitReportReporter -->
<testsuite hostname="sys" name="day15.WebtableTesting2" tests="1" failures="0" timestamp="15 Apr 2015 05:54:07 GMT" time="17.908" errors="0">
  <testcase name="webtableTest" time="17.908" classname="day15.WebtableTesting2"/>
</testsuite> <!-- day15.WebtableTesting2 -->
